=========[22/11/2019 à 23:40:32]=========
Chargement de 1 évènements basique
—————————————————————————————————————————

=========[22/11/2019 à 23:41:19]=========
Chargement de 1 évènements basique
—————————————————————————————————————————

=========[22/11/2019 à 23:44:13]=========
Chargement de 2 évènements basique
—————————————————————————————————————————

=========[22/11/2019 à 23:44:56]=========
Chargement de 2 évènements basique
—————————————————————————————————————————

=========[22/11/2019 à 23:45:17]=========
Chargement de 1 évènements basique
—————————————————————————————————————————

=========[22/11/2019 à 23:45:17]=========
Chargement de 1 évènements optionnels
—————————————————————————————————————————

=========[22/11/2019 à 23:47:42]=========
Chargement de 1 évènements basique
—————————————————————————————————————————

=========[22/11/2019 à 23:47:42]=========
Chargement de 1 évènements optionnels
—————————————————————————————————————————

=========[22/11/2019 à 23:49:36]=========
Chargement de 1 évènements basique
—————————————————————————————————————————

=========[22/11/2019 à 23:49:36]=========
Chargement de 1 évènements optionnels
—————————————————————————————————————————

=========[23/11/2019 à 00:19:34]=========
Chargement de 2 évènements basique
—————————————————————————————————————————

=========[23/11/2019 à 00:19:34]=========
Chargement de 1 évènements optionnels
—————————————————————————————————————————

=========[23/11/2019 à 00:19:34]=========
Chargement de 1 commandes générales.
—————————————————————————————————————————

=========[23/11/2019 à 00:22:24]=========
Chargement de 1 évènements optionnels
—————————————————————————————————————————

=========[23/11/2019 à 00:22:24]=========
Chargement de 2 évènements basique
—————————————————————————————————————————

=========[23/11/2019 à 00:22:24]=========
Chargement de 1 commandes générales.
—————————————————————————————————————————

=========[23/11/2019 à 00:31:55]=========
Chargement de 1 évènements optionnels
—————————————————————————————————————————

=========[23/11/2019 à 00:31:55]=========
Chargement de 2 évènements basique
—————————————————————————————————————————

=========[23/11/2019 à 00:31:55]=========
Chargement de 1 commandes générales.
—————————————————————————————————————————

=========[23/11/2019 à 00:58:49]=========
Chargement de 2 évènements basique
—————————————————————————————————————————

=========[23/11/2019 à 00:58:49]=========
Chargement de 1 évènements optionnels
—————————————————————————————————————————

=========[23/11/2019 à 00:58:49]=========
Chargement de 1 commandes générales.
—————————————————————————————————————————

=========[23/11/2019 à 00:59:38]=========
Chargement de 2 évènements basique
—————————————————————————————————————————

=========[23/11/2019 à 00:59:38]=========
Chargement de 1 évènements optionnels
—————————————————————————————————————————

=========[23/11/2019 à 00:59:38]=========
Chargement de 1 commandes générales.
—————————————————————————————————————————

=========[23/11/2019 à 01:00:32]=========
Chargement de 2 évènements basique
—————————————————————————————————————————

=========[23/11/2019 à 01:00:32]=========
Chargement de 1 évènements optionnels
—————————————————————————————————————————

=========[23/11/2019 à 01:00:32]=========
Chargement de 1 commandes générales.
—————————————————————————————————————————

=========[23/11/2019 à 01:06:20]=========
Chargement de 2 évènements basique
—————————————————————————————————————————

=========[23/11/2019 à 01:06:20]=========
Chargement de 1 évènements optionnels
—————————————————————————————————————————

=========[23/11/2019 à 01:06:20]=========
Chargement de 1 commandes générales.
—————————————————————————————————————————

=========[23/11/2019 à 01:08:13]=========
Chargement de 2 évènements basique
—————————————————————————————————————————

=========[23/11/2019 à 01:08:13]=========
Chargement de 1 évènements optionnels
—————————————————————————————————————————

=========[23/11/2019 à 01:08:13]=========
Chargement de 1 commandes générales.
—————————————————————————————————————————

=========[23/11/2019 à 01:12:37]=========
Chargement de 2 évènements basique
—————————————————————————————————————————

=========[23/11/2019 à 01:12:37]=========
Chargement de 1 évènements optionnels
—————————————————————————————————————————

=========[23/11/2019 à 01:12:37]=========
Chargement de 1 commandes générales.
—————————————————————————————————————————

=========[23/11/2019 à 01:47:37]=========
Chargement de 2 évènements basique
—————————————————————————————————————————

=========[23/11/2019 à 01:47:37]=========
Chargement de 1 évènements optionnels
—————————————————————————————————————————

=========[23/11/2019 à 01:47:37]=========
Chargement de 1 commandes générales.
—————————————————————————————————————————

=========[23/11/2019 à 02:03:07]=========
Chargement de 1 évènements optionnels
—————————————————————————————————————————

=========[23/11/2019 à 02:03:07]=========
Chargement de 2 évènements basique
—————————————————————————————————————————

=========[23/11/2019 à 02:03:07]=========
Chargement de 1 commandes générales.
—————————————————————————————————————————

=========[23/11/2019 à 02:03:28]=========
Chargement de 2 évènements basique
—————————————————————————————————————————

=========[23/11/2019 à 02:03:28]=========
Chargement de 1 évènements optionnels
—————————————————————————————————————————

=========[23/11/2019 à 02:03:28]=========
Chargement de 1 commandes générales.
—————————————————————————————————————————

=========[23/11/2019 à 02:03:53]=========
Chargement de 2 évènements basique
—————————————————————————————————————————

=========[23/11/2019 à 02:03:53]=========
Chargement de 1 évènements optionnels
—————————————————————————————————————————

=========[23/11/2019 à 02:03:53]=========
Chargement de 2 commandes générales.
—————————————————————————————————————————

=========[23/11/2019 à 02:07:35]=========
Chargement de 2 commandes générales.
—————————————————————————————————————————

=========[23/11/2019 à 02:07:35]=========
Chargement de 1 évènements optionnels
—————————————————————————————————————————

=========[23/11/2019 à 02:07:35]=========
Chargement de 2 évènements basique
—————————————————————————————————————————

=========[23/11/2019 à 02:09:06]=========
Chargement de 1 évènements optionnels
—————————————————————————————————————————

=========[23/11/2019 à 02:09:06]=========
Chargement de 2 commandes générales.
—————————————————————————————————————————

=========[23/11/2019 à 02:09:06]=========
Chargement de 2 évènements basique
—————————————————————————————————————————

=========[23/11/2019 à 02:09:40]=========
Chargement de 2 évènements basique
—————————————————————————————————————————

=========[23/11/2019 à 02:09:40]=========
Chargement de 1 évènements optionnels
—————————————————————————————————————————

=========[23/11/2019 à 02:09:40]=========
Chargement de 2 commandes générales.
—————————————————————————————————————————

=========[23/11/2019 à 02:10:04]=========
Chargement de 2 évènements basique
—————————————————————————————————————————

=========[23/11/2019 à 02:10:04]=========
Chargement de 1 évènements optionnels
—————————————————————————————————————————

=========[23/11/2019 à 02:10:04]=========
Chargement de 2 commandes générales.
—————————————————————————————————————————

=========[23/11/2019 à 02:11:06]=========
Chargement de 2 évènements basique
—————————————————————————————————————————

=========[23/11/2019 à 02:11:06]=========
Chargement de 1 évènements optionnels
—————————————————————————————————————————

=========[23/11/2019 à 02:11:06]=========
Chargement de 2 commandes générales.
—————————————————————————————————————————

=========[23/11/2019 à 02:11:46]=========
Chargement de 2 évènements basique
—————————————————————————————————————————

=========[23/11/2019 à 02:11:46]=========
Chargement de 1 évènements optionnels
—————————————————————————————————————————

=========[23/11/2019 à 02:11:46]=========
Chargement de 2 commandes générales.
—————————————————————————————————————————

=========[23/11/2019 à 02:13:11]=========
Chargement de 1 évènements optionnels
—————————————————————————————————————————

=========[23/11/2019 à 02:13:11]=========
Chargement de 2 commandes générales.
—————————————————————————————————————————

=========[23/11/2019 à 02:13:11]=========
Chargement de 2 évènements basique
—————————————————————————————————————————

=========[23/11/2019 à 02:13:32]=========
Chargement de 2 évènements basique
—————————————————————————————————————————

=========[23/11/2019 à 02:13:32]=========
Chargement de 1 évènements optionnels
—————————————————————————————————————————

=========[23/11/2019 à 02:13:32]=========
Chargement de 2 commandes générales.
—————————————————————————————————————————

=========[23/11/2019 à 02:14:00]=========
Chargement de 1 évènements optionnels
—————————————————————————————————————————

=========[23/11/2019 à 02:14:00]=========
Chargement de 2 évènements basique
—————————————————————————————————————————

=========[23/11/2019 à 02:14:00]=========
Chargement de 2 commandes générales.
—————————————————————————————————————————

=========[23/11/2019 à 02:16:20]=========
Chargement de 2 évènements basique
—————————————————————————————————————————

=========[23/11/2019 à 02:16:20]=========
Chargement de 1 évènements optionnels
—————————————————————————————————————————

=========[23/11/2019 à 02:16:20]=========
Chargement de 2 commandes générales.
—————————————————————————————————————————

=========[23/11/2019 à 02:16:28]=========
Chargement de 2 évènements basique
—————————————————————————————————————————

=========[23/11/2019 à 02:16:28]=========
Chargement de 1 évènements optionnels
—————————————————————————————————————————

=========[23/11/2019 à 02:16:28]=========
Chargement de 2 commandes générales.
—————————————————————————————————————————

=========[23/11/2019 à 02:19:36]=========
Chargement de 1 évènements optionnels
—————————————————————————————————————————

=========[23/11/2019 à 02:19:36]=========
Chargement de 2 évènements basique
—————————————————————————————————————————

=========[23/11/2019 à 02:19:36]=========
Chargement de 2 commandes générales.
—————————————————————————————————————————

=========[23/11/2019 à 02:22:31]=========
Chargement de 2 évènements basique
—————————————————————————————————————————

=========[23/11/2019 à 02:22:31]=========
Chargement de 1 évènements optionnels
—————————————————————————————————————————

=========[23/11/2019 à 02:22:31]=========
Chargement de 2 commandes générales.
—————————————————————————————————————————

=========[23/11/2019 à 02:24:41]=========
Chargement de 2 évènements basique
—————————————————————————————————————————

=========[23/11/2019 à 02:24:41]=========
Chargement de 2 commandes générales.
—————————————————————————————————————————

=========[23/11/2019 à 02:24:41]=========
Chargement de 1 évènements optionnels
—————————————————————————————————————————

=========[23/11/2019 à 02:26:13]=========
Chargement de 2 évènements basique
—————————————————————————————————————————

=========[23/11/2019 à 02:26:13]=========
Chargement de 1 évènements optionnels
—————————————————————————————————————————

=========[23/11/2019 à 02:26:13]=========
Chargement de 2 commandes générales.
—————————————————————————————————————————

=========[23/11/2019 à 02:30:06]=========
Chargement de 2 évènements basique
—————————————————————————————————————————

=========[23/11/2019 à 02:30:06]=========
Chargement de 2 commandes générales.
—————————————————————————————————————————

=========[23/11/2019 à 02:30:06]=========
Chargement de 1 évènements optionnels
—————————————————————————————————————————

=========[23/11/2019 à 02:33:40]=========
Chargement de 2 évènements basique
—————————————————————————————————————————

=========[23/11/2019 à 02:33:40]=========
Chargement de 1 évènements optionnels
—————————————————————————————————————————

=========[23/11/2019 à 02:33:40]=========
Chargement de 2 commandes générales.
—————————————————————————————————————————

=========[23/11/2019 à 02:41:50]=========
Chargement de 2 évènements basique
—————————————————————————————————————————

=========[23/11/2019 à 02:41:50]=========
Chargement de 1 évènements optionnels
—————————————————————————————————————————

=========[23/11/2019 à 02:41:50]=========
Chargement de 2 commandes générales.
—————————————————————————————————————————

=========[23/11/2019 à 02:48:24]=========
Chargement de 2 évènements basique
—————————————————————————————————————————

=========[23/11/2019 à 02:48:24]=========
Chargement de 1 évènements optionnels
—————————————————————————————————————————

=========[23/11/2019 à 02:48:24]=========
Chargement de 2 commandes générales.
—————————————————————————————————————————

=========[23/11/2019 à 02:50:43]=========
Chargement de 1 évènements optionnels
—————————————————————————————————————————

=========[23/11/2019 à 02:50:43]=========
Chargement de 2 évènements basique
—————————————————————————————————————————

=========[23/11/2019 à 02:50:43]=========
Chargement de 2 commandes générales.
—————————————————————————————————————————

=========[23/11/2019 à 02:51:21]=========
Chargement de 2 évènements basique
—————————————————————————————————————————

=========[23/11/2019 à 02:51:21]=========
Chargement de 1 évènements optionnels
—————————————————————————————————————————

=========[23/11/2019 à 02:51:21]=========
Chargement de 2 commandes générales.
—————————————————————————————————————————

=========[23/11/2019 à 02:55:00]=========
Chargement de 2 évènements basique
—————————————————————————————————————————

=========[23/11/2019 à 02:55:00]=========
Chargement de 1 évènements optionnels
—————————————————————————————————————————

=========[23/11/2019 à 02:55:00]=========
Chargement de 2 commandes générales.
—————————————————————————————————————————

=========[23/11/2019 à 02:57:54]=========
Chargement de 2 évènements basique
—————————————————————————————————————————

=========[23/11/2019 à 02:57:54]=========
Chargement de 1 évènements optionnels
—————————————————————————————————————————

=========[23/11/2019 à 02:57:54]=========
Chargement de 2 commandes générales.
—————————————————————————————————————————

=========[23/11/2019 à 02:59:02]=========
Chargement de 2 évènements basique
—————————————————————————————————————————

=========[23/11/2019 à 02:59:02]=========
Chargement de 2 commandes générales.
—————————————————————————————————————————

=========[23/11/2019 à 02:59:02]=========
Chargement de 1 évènements optionnels
—————————————————————————————————————————

=========[23/11/2019 à 02:59:21]=========
Chargement de 2 évènements basique
—————————————————————————————————————————

=========[23/11/2019 à 02:59:21]=========
Chargement de 1 évènements optionnels
—————————————————————————————————————————

=========[23/11/2019 à 02:59:21]=========
Chargement de 2 commandes générales.
—————————————————————————————————————————

=========[23/11/2019 à 02:59:38]=========
Chargement de 2 évènements basique
—————————————————————————————————————————

=========[23/11/2019 à 02:59:38]=========
Chargement de 1 évènements optionnels
—————————————————————————————————————————

=========[23/11/2019 à 02:59:38]=========
Chargement de 2 commandes générales.
—————————————————————————————————————————

=========[23/11/2019 à 02:59:59]=========
Chargement de 2 évènements basique
—————————————————————————————————————————

=========[23/11/2019 à 02:59:59]=========
Chargement de 1 évènements optionnels
—————————————————————————————————————————

=========[23/11/2019 à 02:59:59]=========
Chargement de 2 commandes générales.
—————————————————————————————————————————

=========[23/11/2019 à 03:00:20]=========
Chargement de 1 évènements optionnels
—————————————————————————————————————————

=========[23/11/2019 à 03:00:20]=========
Chargement de 2 évènements basique
—————————————————————————————————————————

=========[23/11/2019 à 03:00:20]=========
Chargement de 2 commandes générales.
—————————————————————————————————————————

=========[23/11/2019 à 03:00:43]=========
Chargement de 2 évènements basique
—————————————————————————————————————————

=========[23/11/2019 à 03:00:43]=========
Chargement de 1 évènements optionnels
—————————————————————————————————————————

=========[23/11/2019 à 03:00:43]=========
Chargement de 2 commandes générales.
—————————————————————————————————————————

=========[12/12/2019 à 00:46:10]=========
Chargement de 2 évènements basique
—————————————————————————————————————————

=========[12/12/2019 à 00:46:10]=========
Chargement de 1 évènements optionnels
—————————————————————————————————————————

=========[12/12/2019 à 00:46:10]=========
Chargement de 2 commandes générales.
—————————————————————————————————————————

=========[12/12/2019 à 00:46:41]=========
Chargement de 2 évènements basique
—————————————————————————————————————————

=========[12/12/2019 à 00:46:41]=========
Chargement de 1 évènements optionnels
—————————————————————————————————————————

=========[12/12/2019 à 00:46:41]=========
Chargement de 2 commandes générales.
—————————————————————————————————————————

=========[12/12/2019 à 00:47:36]=========
Chargement de 1 évènements optionnels
—————————————————————————————————————————

=========[12/12/2019 à 00:47:36]=========
Chargement de 2 évènements basique
—————————————————————————————————————————

=========[12/12/2019 à 00:47:36]=========
Chargement de 2 commandes générales.
—————————————————————————————————————————

=========[12/12/2019 à 00:48:04]=========
Chargement de 2 évènements basique
—————————————————————————————————————————

=========[12/12/2019 à 00:48:04]=========
Chargement de 1 évènements optionnels
—————————————————————————————————————————

=========[12/12/2019 à 00:48:04]=========
Chargement de 2 commandes générales.
—————————————————————————————————————————

=========[12/12/2019 à 00:48:39]=========
Chargement de 2 évènements basique
—————————————————————————————————————————

=========[12/12/2019 à 00:48:39]=========
Chargement de 1 évènements optionnels
—————————————————————————————————————————

=========[12/12/2019 à 00:48:39]=========
Chargement de 2 commandes générales.
—————————————————————————————————————————

=========[12/12/2019 à 00:49:49]=========
Chargement de 2 évènements basique
—————————————————————————————————————————

=========[12/12/2019 à 00:49:49]=========
Chargement de 1 évènements optionnels
—————————————————————————————————————————

=========[12/12/2019 à 00:49:49]=========
Chargement de 2 commandes générales.
—————————————————————————————————————————

=========[12/12/2019 à 00:53:53]=========
Chargement de 2 évènements basique
—————————————————————————————————————————

=========[12/12/2019 à 00:53:53]=========
Chargement de 1 évènements optionnels
—————————————————————————————————————————

=========[12/12/2019 à 00:53:53]=========
Chargement de 2 commandes générales.
—————————————————————————————————————————

=========[12/12/2019 à 00:55:24]=========
Chargement de 1 évènements optionnels
—————————————————————————————————————————

=========[12/12/2019 à 00:55:24]=========
Chargement de 2 évènements basique
—————————————————————————————————————————

=========[12/12/2019 à 00:55:24]=========
Chargement de 2 commandes générales.
—————————————————————————————————————————

=========[12/12/2019 à 01:03:22]=========
Chargement de 1 évènements optionnels
—————————————————————————————————————————

=========[12/12/2019 à 01:03:22]=========
Chargement de 2 évènements basique
—————————————————————————————————————————

=========[12/12/2019 à 01:03:22]=========
Chargement de 2 commandes générales.
—————————————————————————————————————————

=========[12/12/2019 à 15:22:38]=========
Chargement de 4 évènements basique
—————————————————————————————————————————

=========[12/12/2019 à 15:22:38]=========
Chargement de 1 évènements optionnels
—————————————————————————————————————————

=========[12/12/2019 à 15:22:38]=========
Chargement de 2 commandes générales.
—————————————————————————————————————————

=========[12/12/2019 à 15:35:35]=========
Chargement de 4 évènements basique
—————————————————————————————————————————

=========[12/12/2019 à 15:35:35]=========
Chargement de 2 commandes générales.
—————————————————————————————————————————

=========[12/12/2019 à 15:35:35]=========
Chargement de 1 évènements optionnels
—————————————————————————————————————————

=========[12/12/2019 à 15:51:00]=========
Chargement de 2 évènements basique
—————————————————————————————————————————

=========[12/12/2019 à 15:51:00]=========
Chargement de 3 évènements optionnels
—————————————————————————————————————————

=========[12/12/2019 à 15:51:00]=========
Chargement de 2 commandes générales.
—————————————————————————————————————————

=========[12/12/2019 à 15:51:38]=========
Chargement de 2 commandes générales.
—————————————————————————————————————————

=========[12/12/2019 à 15:51:38]=========
Chargement de 2 évènements basique
—————————————————————————————————————————

=========[12/12/2019 à 15:51:38]=========
Chargement de 3 évènements optionnels
—————————————————————————————————————————

=========[12/12/2019 à 16:17:19]=========
Chargement de 2 évènements basique
—————————————————————————————————————————

=========[12/12/2019 à 16:17:19]=========
Chargement de 3 évènements optionnels
—————————————————————————————————————————

=========[12/12/2019 à 16:17:19]=========
Chargement de 2 commandes générales.
—————————————————————————————————————————

=========[12/12/2019 à 16:18:48]=========
Chargement de 2 évènements basique
—————————————————————————————————————————

=========[12/12/2019 à 16:18:48]=========
Chargement de 2 commandes générales.
—————————————————————————————————————————

=========[12/12/2019 à 16:18:48]=========
Chargement de 3 évènements optionnels
—————————————————————————————————————————

=========[12/12/2019 à 16:19:51]=========
Chargement de 2 évènements basique
—————————————————————————————————————————

=========[12/12/2019 à 16:19:51]=========
Chargement de 3 évènements optionnels
—————————————————————————————————————————

=========[12/12/2019 à 16:19:51]=========
Chargement de 2 commandes générales.
—————————————————————————————————————————

=========[12/12/2019 à 16:23:37]=========
Chargement de 2 évènements basique
—————————————————————————————————————————

=========[12/12/2019 à 16:23:37]=========
Chargement de 3 évènements optionnels
—————————————————————————————————————————

=========[12/12/2019 à 16:23:37]=========
Chargement de 2 commandes générales.
—————————————————————————————————————————

=========[12/12/2019 à 16:33:28]=========
Chargement de 3 évènements optionnels
—————————————————————————————————————————

=========[12/12/2019 à 16:33:28]=========
Chargement de 2 évènements basique
—————————————————————————————————————————

=========[12/12/2019 à 16:33:28]=========
Chargement de 2 commandes générales.
—————————————————————————————————————————

=========[12/12/2019 à 16:37:43]=========
Chargement de 2 évènements basique
—————————————————————————————————————————

=========[12/12/2019 à 16:37:43]=========
Chargement de 3 évènements optionnels
—————————————————————————————————————————

=========[12/12/2019 à 16:37:43]=========
Chargement de 2 commandes générales.
—————————————————————————————————————————

=========[12/12/2019 à 16:38:28]=========
Chargement de 2 évènements basique
—————————————————————————————————————————

=========[12/12/2019 à 16:38:28]=========
Chargement de 3 évènements optionnels
—————————————————————————————————————————

=========[12/12/2019 à 16:38:28]=========
Chargement de 2 commandes générales.
—————————————————————————————————————————

=========[12/12/2019 à 16:39:38]=========
Chargement de 3 évènements optionnels
—————————————————————————————————————————

=========[12/12/2019 à 16:39:38]=========
Chargement de 2 évènements basique
—————————————————————————————————————————

=========[12/12/2019 à 16:39:38]=========
Chargement de 2 commandes générales.
—————————————————————————————————————————

=========[12/12/2019 à 16:40:46]=========
Chargement de 2 évènements basique
—————————————————————————————————————————

=========[12/12/2019 à 16:40:46]=========
Chargement de 3 évènements optionnels
—————————————————————————————————————————

=========[12/12/2019 à 16:40:46]=========
Chargement de 2 commandes générales.
—————————————————————————————————————————

=========[12/12/2019 à 16:42:21]=========
Chargement de 2 évènements basique
—————————————————————————————————————————

=========[12/12/2019 à 16:42:21]=========
Chargement de 3 évènements optionnels
—————————————————————————————————————————

=========[12/12/2019 à 16:42:21]=========
Chargement de 2 commandes générales.
—————————————————————————————————————————

=========[12/12/2019 à 16:43:07]=========
Chargement de 2 évènements basique
—————————————————————————————————————————

=========[12/12/2019 à 16:43:07]=========
Chargement de 3 évènements optionnels
—————————————————————————————————————————

=========[12/12/2019 à 16:43:07]=========
Chargement de 2 commandes générales.
—————————————————————————————————————————

=========[12/12/2019 à 16:43:34]=========
Chargement de 2 évènements basique
—————————————————————————————————————————

=========[12/12/2019 à 16:43:34]=========
Chargement de 3 évènements optionnels
—————————————————————————————————————————

=========[12/12/2019 à 16:43:34]=========
Chargement de 2 commandes générales.
—————————————————————————————————————————

=========[12/12/2019 à 16:43:52]=========
Chargement de 2 évènements basique
—————————————————————————————————————————

=========[12/12/2019 à 16:43:52]=========
Chargement de 2 commandes générales.
—————————————————————————————————————————

=========[12/12/2019 à 16:43:52]=========
Chargement de 3 évènements optionnels
—————————————————————————————————————————

=========[12/12/2019 à 16:44:24]=========
Chargement de 3 évènements optionnels
—————————————————————————————————————————

=========[12/12/2019 à 16:44:24]=========
Chargement de 2 évènements basique
—————————————————————————————————————————

=========[12/12/2019 à 16:44:24]=========
Chargement de 2 commandes générales.
—————————————————————————————————————————

=========[12/12/2019 à 16:46:49]=========
Chargement de 2 évènements basique
—————————————————————————————————————————

=========[12/12/2019 à 16:46:49]=========
Chargement de 3 évènements optionnels
—————————————————————————————————————————

=========[12/12/2019 à 16:46:49]=========
Chargement de 2 commandes générales.
—————————————————————————————————————————

=========[12/12/2019 à 16:49:06]=========
Chargement de 2 évènements basique
—————————————————————————————————————————

=========[12/12/2019 à 16:49:06]=========
Chargement de 3 évènements optionnels
—————————————————————————————————————————

=========[12/12/2019 à 16:49:06]=========
Chargement de 2 commandes générales.
—————————————————————————————————————————

=========[12/12/2019 à 16:50:03]=========
Chargement de 2 évènements basique
—————————————————————————————————————————

=========[12/12/2019 à 16:50:03]=========
Chargement de 3 évènements optionnels
—————————————————————————————————————————

=========[12/12/2019 à 16:50:03]=========
Chargement de 2 commandes générales.
—————————————————————————————————————————

=========[12/12/2019 à 16:51:10]=========
Chargement de 2 évènements basique
—————————————————————————————————————————

=========[12/12/2019 à 16:51:10]=========
Chargement de 3 évènements optionnels
—————————————————————————————————————————

=========[12/12/2019 à 16:51:10]=========
Chargement de 2 commandes générales.
—————————————————————————————————————————

=========[12/12/2019 à 16:56:49]=========
Chargement de 3 évènements optionnels
—————————————————————————————————————————

=========[12/12/2019 à 16:56:49]=========
Chargement de 2 évènements basique
—————————————————————————————————————————

=========[12/12/2019 à 16:56:49]=========
Chargement de 2 commandes générales.
—————————————————————————————————————————

=========[12/12/2019 à 16:59:24]=========
Chargement de 3 évènements optionnels
—————————————————————————————————————————

=========[12/12/2019 à 16:59:24]=========
Chargement de 2 évènements basique
—————————————————————————————————————————

=========[12/12/2019 à 16:59:24]=========
Chargement de 2 commandes générales.
—————————————————————————————————————————

=========[12/12/2019 à 16:59:51]=========
Chargement de 3 évènements optionnels
—————————————————————————————————————————

=========[12/12/2019 à 16:59:51]=========
Chargement de 2 commandes générales.
—————————————————————————————————————————

=========[12/12/2019 à 16:59:51]=========
Chargement de 2 évènements basique
—————————————————————————————————————————

=========[12/12/2019 à 17:04:41]=========
Chargement de 2 évènements basique
—————————————————————————————————————————

=========[12/12/2019 à 17:04:41]=========
Chargement de 3 évènements optionnels
—————————————————————————————————————————

=========[12/12/2019 à 17:04:41]=========
Chargement de 2 commandes générales.
—————————————————————————————————————————

=========[12/12/2019 à 17:06:39]=========
Chargement de 2 évènements basique
—————————————————————————————————————————

=========[12/12/2019 à 17:06:39]=========
Chargement de 2 commandes générales.
—————————————————————————————————————————

=========[12/12/2019 à 17:06:39]=========
Chargement de 3 évènements optionnels
—————————————————————————————————————————

=========[12/12/2019 à 17:08:21]=========
Chargement de 2 évènements basique
—————————————————————————————————————————

=========[12/12/2019 à 17:08:21]=========
Chargement de 3 évènements optionnels
—————————————————————————————————————————

=========[12/12/2019 à 17:08:21]=========
Chargement de 2 commandes générales.
—————————————————————————————————————————

=========[12/12/2019 à 17:09:13]=========
Chargement de 2 commandes générales.
—————————————————————————————————————————

=========[12/12/2019 à 17:09:13]=========
Chargement de 2 évènements basique
—————————————————————————————————————————

=========[12/12/2019 à 17:09:13]=========
Chargement de 3 évènements optionnels
—————————————————————————————————————————

=========[12/12/2019 à 17:13:04]=========
Chargement de 2 évènements basique
—————————————————————————————————————————

=========[12/12/2019 à 17:13:04]=========
Chargement de 3 évènements optionnels
—————————————————————————————————————————

=========[12/12/2019 à 17:13:04]=========
Chargement de 2 commandes générales.
—————————————————————————————————————————

=========[12/12/2019 à 17:14:14]=========
Chargement de 2 évènements basique
—————————————————————————————————————————

=========[12/12/2019 à 17:14:14]=========
Chargement de 3 évènements optionnels
—————————————————————————————————————————

=========[12/12/2019 à 17:14:14]=========
Chargement de 2 commandes générales.
—————————————————————————————————————————

=========[12/12/2019 à 17:20:51]=========
Chargement de 2 évènements basique
—————————————————————————————————————————

=========[12/12/2019 à 17:20:51]=========
Chargement de 3 évènements optionnels
—————————————————————————————————————————

=========[12/12/2019 à 17:20:51]=========
Chargement de 2 commandes générales.
—————————————————————————————————————————

=========[12/12/2019 à 17:30:31]=========
Chargement de 2 évènements basique
—————————————————————————————————————————

=========[12/12/2019 à 17:30:31]=========
Chargement de 3 évènements optionnels
—————————————————————————————————————————

=========[12/12/2019 à 17:30:31]=========
Chargement de 2 commandes générales.
—————————————————————————————————————————

=========[12/12/2019 à 17:30:58]=========
Chargement de 2 évènements basique
—————————————————————————————————————————

=========[12/12/2019 à 17:30:58]=========
Chargement de 3 évènements optionnels
—————————————————————————————————————————

=========[12/12/2019 à 17:30:58]=========
Chargement de 2 commandes générales.
—————————————————————————————————————————

=========[12/12/2019 à 17:34:14]=========
Chargement de 2 évènements basique
—————————————————————————————————————————

=========[12/12/2019 à 17:34:14]=========
Chargement de 2 commandes générales.
—————————————————————————————————————————

=========[12/12/2019 à 17:34:14]=========
Chargement de 3 évènements optionnels
—————————————————————————————————————————

=========[12/12/2019 à 17:35:18]=========
Chargement de 2 évènements basique
—————————————————————————————————————————

=========[12/12/2019 à 17:35:18]=========
Chargement de 3 évènements optionnels
—————————————————————————————————————————

=========[12/12/2019 à 17:35:18]=========
Chargement de 2 commandes générales.
—————————————————————————————————————————

=========[12/12/2019 à 17:36:08]=========
Chargement de 3 évènements optionnels
—————————————————————————————————————————

=========[12/12/2019 à 17:36:08]=========
Chargement de 2 commandes générales.
—————————————————————————————————————————

=========[12/12/2019 à 17:36:08]=========
Chargement de 2 évènements basique
—————————————————————————————————————————

=========[12/12/2019 à 17:36:43]=========
Chargement de 2 évènements basique
—————————————————————————————————————————

=========[12/12/2019 à 17:36:43]=========
Chargement de 3 évènements optionnels
—————————————————————————————————————————

=========[12/12/2019 à 17:36:43]=========
Chargement de 2 commandes générales.
—————————————————————————————————————————

=========[12/12/2019 à 17:42:14]=========
Chargement de 2 évènements basique
—————————————————————————————————————————

=========[12/12/2019 à 17:42:14]=========
Chargement de 3 évènements optionnels
—————————————————————————————————————————

=========[12/12/2019 à 17:42:14]=========
Chargement de 2 commandes générales.
—————————————————————————————————————————

=========[12/12/2019 à 17:45:19]=========
Chargement de 2 évènements basique
—————————————————————————————————————————

=========[12/12/2019 à 17:45:19]=========
Chargement de 3 évènements optionnels
—————————————————————————————————————————

=========[12/12/2019 à 17:45:19]=========
Chargement de 2 commandes générales.
—————————————————————————————————————————

=========[12/12/2019 à 17:48:15]=========
Chargement de 3 évènements optionnels
—————————————————————————————————————————

=========[12/12/2019 à 17:48:15]=========
Chargement de 2 évènements basique
—————————————————————————————————————————

=========[12/12/2019 à 17:48:15]=========
Chargement de 2 commandes générales.
—————————————————————————————————————————

=========[12/12/2019 à 17:48:43]=========
Chargement de 2 évènements basique
—————————————————————————————————————————

=========[12/12/2019 à 17:48:43]=========
Chargement de 3 évènements optionnels
—————————————————————————————————————————

=========[12/12/2019 à 17:48:43]=========
Chargement de 2 commandes générales.
—————————————————————————————————————————

=========[12/12/2019 à 23:03:32]=========
Chargement de 2 évènements basique
—————————————————————————————————————————

=========[12/12/2019 à 23:03:32]=========
Chargement de 2 commandes générales.
—————————————————————————————————————————

=========[12/12/2019 à 23:03:32]=========
Chargement de 3 évènements optionnels
—————————————————————————————————————————

=========[12/12/2019 à 23:05:06]=========
Chargement de 2 évènements basique
—————————————————————————————————————————

=========[12/12/2019 à 23:05:06]=========
Chargement de 3 évènements optionnels
—————————————————————————————————————————

=========[12/12/2019 à 23:05:06]=========
Chargement de 2 commandes générales.
—————————————————————————————————————————

=========[12/12/2019 à 23:06:45]=========
Chargement de 2 évènements basique
—————————————————————————————————————————

=========[12/12/2019 à 23:06:45]=========
Chargement de 3 évènements optionnels
—————————————————————————————————————————

=========[12/12/2019 à 23:06:45]=========
Chargement de 2 commandes générales.
—————————————————————————————————————————

=========[12/12/2019 à 23:09:46]=========
Chargement de 2 évènements basique
—————————————————————————————————————————

=========[12/12/2019 à 23:09:46]=========
Chargement de 3 évènements optionnels
—————————————————————————————————————————

=========[12/12/2019 à 23:09:46]=========
Chargement de 2 commandes générales.
—————————————————————————————————————————

=========[13/12/2019 à 13:55:56]=========
Chargement de 2 évènements basique
—————————————————————————————————————————

=========[13/12/2019 à 13:55:56]=========
Chargement de 3 évènements optionnels
—————————————————————————————————————————

=========[13/12/2019 à 13:55:56]=========
Chargement de 2 commandes générales.
—————————————————————————————————————————

=========[13/12/2019 à 14:11:06]=========
Chargement de 2 évènements basique
—————————————————————————————————————————

=========[13/12/2019 à 14:11:06]=========
Chargement de 3 évènements optionnels
—————————————————————————————————————————

=========[13/12/2019 à 14:11:06]=========
Chargement de 2 commandes générales.
—————————————————————————————————————————

=========[13/12/2019 à 14:13:06]=========
Chargement de 2 évènements basique
—————————————————————————————————————————

=========[13/12/2019 à 14:13:06]=========
Chargement de 3 évènements optionnels
—————————————————————————————————————————

=========[13/12/2019 à 14:13:06]=========
Chargement de 2 commandes générales.
—————————————————————————————————————————

=========[13/12/2019 à 14:16:29]=========
Chargement de 2 évènements basique
—————————————————————————————————————————

=========[13/12/2019 à 14:16:29]=========
Chargement de 3 évènements optionnels
—————————————————————————————————————————

=========[13/12/2019 à 14:16:29]=========
Chargement de 2 commandes générales.
—————————————————————————————————————————

=========[13/12/2019 à 14:17:13]=========
Chargement de 2 évènements basique
—————————————————————————————————————————

=========[13/12/2019 à 14:17:13]=========
Chargement de 3 évènements optionnels
—————————————————————————————————————————

=========[13/12/2019 à 14:17:13]=========
Chargement de 2 commandes générales.
—————————————————————————————————————————

=========[13/12/2019 à 14:18:36]=========
Chargement de 2 évènements basique
—————————————————————————————————————————

=========[13/12/2019 à 14:18:36]=========
Chargement de 3 évènements optionnels
—————————————————————————————————————————

=========[13/12/2019 à 14:18:36]=========
Chargement de 2 commandes générales.
—————————————————————————————————————————

=========[13/12/2019 à 14:28:12]=========
Chargement de 2 évènements basique
—————————————————————————————————————————

=========[13/12/2019 à 14:28:12]=========
Chargement de 3 évènements optionnels
—————————————————————————————————————————

=========[13/12/2019 à 14:28:12]=========
Chargement de 2 commandes générales.
—————————————————————————————————————————

=========[13/12/2019 à 14:38:17]=========
Chargement de 2 évènements basique
—————————————————————————————————————————

=========[13/12/2019 à 14:38:17]=========
Chargement de 3 évènements optionnels
—————————————————————————————————————————

=========[13/12/2019 à 14:38:17]=========
Chargement de 2 commandes générales.
—————————————————————————————————————————

=========[13/12/2019 à 14:43:22]=========
Chargement de 3 évènements optionnels
—————————————————————————————————————————

=========[13/12/2019 à 14:43:22]=========
Chargement de 2 évènements basique
—————————————————————————————————————————

=========[13/12/2019 à 14:43:22]=========
Chargement de 2 commandes générales.
—————————————————————————————————————————

=========[13/12/2019 à 16:23:47]=========
Chargement de 3 évènements optionnels
—————————————————————————————————————————

=========[13/12/2019 à 16:23:47]=========
Chargement de 2 évènements basique
—————————————————————————————————————————

=========[13/12/2019 à 16:23:47]=========
Chargement de 2 commandes générales.
—————————————————————————————————————————

=========[13/12/2019 à 16:34:58]=========
Chargement de 2 évènements basique
—————————————————————————————————————————

=========[13/12/2019 à 16:34:58]=========
Chargement de 2 commandes générales.
—————————————————————————————————————————

=========[13/12/2019 à 16:34:59]=========
Chargement de 3 évènements optionnels
—————————————————————————————————————————

=========[13/12/2019 à 16:35:29]=========
Chargement de 3 évènements optionnels
—————————————————————————————————————————

=========[13/12/2019 à 16:35:29]=========
Chargement de 2 évènements basique
—————————————————————————————————————————

=========[13/12/2019 à 16:35:29]=========
Chargement de 2 commandes générales.
—————————————————————————————————————————

=========[13/12/2019 à 16:36:35]=========
Chargement de 2 évènements basique
—————————————————————————————————————————

=========[13/12/2019 à 16:36:35]=========
Chargement de 3 évènements optionnels
—————————————————————————————————————————

=========[13/12/2019 à 16:36:35]=========
Chargement de 2 commandes générales.
—————————————————————————————————————————

=========[13/12/2019 à 16:37:33]=========
Chargement de 2 évènements basique
—————————————————————————————————————————

=========[13/12/2019 à 16:37:33]=========
Chargement de 2 commandes générales.
—————————————————————————————————————————

=========[13/12/2019 à 16:37:34]=========
Chargement de 3 évènements optionnels
—————————————————————————————————————————

=========[13/12/2019 à 16:37:54]=========
Chargement de 2 évènements basique
—————————————————————————————————————————

=========[13/12/2019 à 16:37:54]=========
Chargement de 3 évènements optionnels
—————————————————————————————————————————

=========[13/12/2019 à 16:37:54]=========
Chargement de 2 commandes générales.
—————————————————————————————————————————

=========[13/12/2019 à 16:48:42]=========
Chargement de 3 évènements optionnels
—————————————————————————————————————————

=========[13/12/2019 à 16:48:42]=========
Chargement de 2 évènements basique
—————————————————————————————————————————

=========[13/12/2019 à 16:48:42]=========
Chargement de 2 commandes générales.
—————————————————————————————————————————

=========[13/12/2019 à 16:49:39]=========
Chargement de 2 évènements basique
—————————————————————————————————————————

=========[13/12/2019 à 16:49:39]=========
Chargement de 3 évènements optionnels
—————————————————————————————————————————

=========[13/12/2019 à 16:49:39]=========
Chargement de 2 commandes générales.
—————————————————————————————————————————

=========[13/12/2019 à 16:50:21]=========
Chargement de 2 évènements basique
—————————————————————————————————————————

=========[13/12/2019 à 16:50:21]=========
Chargement de 3 évènements optionnels
—————————————————————————————————————————

=========[13/12/2019 à 16:50:21]=========
Chargement de 2 commandes générales.
—————————————————————————————————————————

=========[13/12/2019 à 16:55:15]=========
Chargement de 2 évènements basique
—————————————————————————————————————————

=========[13/12/2019 à 16:55:15]=========
Chargement de 3 évènements optionnels
—————————————————————————————————————————

=========[13/12/2019 à 16:55:15]=========
Chargement de 2 commandes générales.
—————————————————————————————————————————

=========[13/12/2019 à 16:59:16]=========
Chargement de 3 évènements optionnels
—————————————————————————————————————————

=========[13/12/2019 à 16:59:16]=========
Chargement de 2 évènements basique
—————————————————————————————————————————

=========[13/12/2019 à 16:59:16]=========
Chargement de 2 commandes générales.
—————————————————————————————————————————

=========[13/12/2019 à 17:02:13]=========
Chargement de 2 évènements basique
—————————————————————————————————————————

=========[13/12/2019 à 17:02:13]=========
Chargement de 3 évènements optionnels
—————————————————————————————————————————

=========[13/12/2019 à 17:02:13]=========
Chargement de 2 commandes générales.
—————————————————————————————————————————

=========[13/12/2019 à 17:03:01]=========
Chargement de 2 évènements basique
—————————————————————————————————————————

=========[13/12/2019 à 17:03:01]=========
Chargement de 2 commandes générales.
—————————————————————————————————————————

=========[13/12/2019 à 17:03:01]=========
Chargement de 3 évènements optionnels
—————————————————————————————————————————

=========[13/12/2019 à 17:06:22]=========
Chargement de 2 évènements basique
—————————————————————————————————————————

=========[13/12/2019 à 17:06:22]=========
Chargement de 3 évènements optionnels
—————————————————————————————————————————

=========[13/12/2019 à 17:06:22]=========
Chargement de 2 commandes générales.
—————————————————————————————————————————

=========[13/12/2019 à 17:07:27]=========
Chargement de 3 évènements optionnels
—————————————————————————————————————————

=========[13/12/2019 à 17:07:27]=========
Chargement de 2 commandes générales.
—————————————————————————————————————————

=========[13/12/2019 à 17:07:27]=========
Chargement de 2 évènements basique
—————————————————————————————————————————

=========[13/12/2019 à 17:07:51]=========
Chargement de 2 évènements basique
—————————————————————————————————————————

=========[13/12/2019 à 17:07:51]=========
Chargement de 2 commandes générales.
—————————————————————————————————————————

=========[13/12/2019 à 17:07:52]=========
Chargement de 3 évènements optionnels
—————————————————————————————————————————

=========[13/12/2019 à 17:08:28]=========
Chargement de 2 évènements basique
—————————————————————————————————————————

=========[13/12/2019 à 17:08:28]=========
Chargement de 3 évènements optionnels
—————————————————————————————————————————

=========[13/12/2019 à 17:08:28]=========
Chargement de 2 commandes générales.
—————————————————————————————————————————

=========[14/12/2019 à 00:50:37]=========
Chargement de 2 évènements basique
—————————————————————————————————————————

=========[14/12/2019 à 00:50:37]=========
Chargement de 3 évènements optionnels
—————————————————————————————————————————

=========[14/12/2019 à 00:50:37]=========
Chargement de 2 commandes générales.
—————————————————————————————————————————

=========[14/12/2019 à 00:53:59]=========
Chargement de 3 évènements optionnels
—————————————————————————————————————————

=========[14/12/2019 à 00:53:59]=========
Chargement de 2 évènements basique
—————————————————————————————————————————

=========[14/12/2019 à 00:53:59]=========
Chargement de 2 commandes générales.
—————————————————————————————————————————

=========[14/12/2019 à 16:54:54]=========
Chargement de 2 évènements basique
—————————————————————————————————————————

=========[14/12/2019 à 16:54:54]=========
Chargement de 3 évènements optionnels
—————————————————————————————————————————

=========[14/12/2019 à 16:54:54]=========
Chargement de 2 commandes générales.
—————————————————————————————————————————

=========[14/12/2019 à 16:58:34]=========
Chargement de 2 évènements basique
—————————————————————————————————————————

=========[14/12/2019 à 16:58:34]=========
Chargement de 3 évènements optionnels
—————————————————————————————————————————

=========[14/12/2019 à 16:58:34]=========
Chargement de 2 commandes générales.
—————————————————————————————————————————

=========[14/12/2019 à 17:00:03]=========
Chargement de 2 évènements basique
—————————————————————————————————————————

=========[14/12/2019 à 17:00:03]=========
Chargement de 3 évènements optionnels
—————————————————————————————————————————

=========[14/12/2019 à 17:00:03]=========
Chargement de 2 commandes générales.
—————————————————————————————————————————

=========[14/12/2019 à 17:04:03]=========
Chargement de 2 évènements basique
—————————————————————————————————————————

=========[14/12/2019 à 17:04:03]=========
Chargement de 2 commandes générales.
—————————————————————————————————————————

=========[14/12/2019 à 17:04:04]=========
Chargement de 3 évènements optionnels
—————————————————————————————————————————

=========[14/12/2019 à 17:27:28]=========
Chargement de 2 commandes générales.
—————————————————————————————————————————

=========[14/12/2019 à 17:27:28]=========
Chargement de 3 évènements optionnels
—————————————————————————————————————————

=========[14/12/2019 à 17:27:28]=========
Chargement de 2 évènements basique
—————————————————————————————————————————

=========[14/12/2019 à 17:29:02]=========
Chargement de 2 évènements basique
—————————————————————————————————————————

=========[14/12/2019 à 17:29:02]=========
Chargement de 2 commandes générales.
—————————————————————————————————————————

=========[14/12/2019 à 17:29:03]=========
Chargement de 3 évènements optionnels
—————————————————————————————————————————

=========[14/12/2019 à 17:31:04]=========
Chargement de 3 évènements optionnels
—————————————————————————————————————————

=========[14/12/2019 à 17:31:04]=========
Chargement de 2 évènements basique
—————————————————————————————————————————

=========[14/12/2019 à 17:31:04]=========
Chargement de 2 commandes générales.
—————————————————————————————————————————

=========[14/12/2019 à 20:31:14]=========
Chargement de 2 commandes générales.
—————————————————————————————————————————

=========[14/12/2019 à 20:31:19]=========
Chargement de 3 évènements optionnels
—————————————————————————————————————————

=========[14/12/2019 à 20:31:19]=========
Chargement de 2 évènements basique
—————————————————————————————————————————

=========[14/12/2019 à 20:33:03]=========
Chargement de 2 commandes générales.
—————————————————————————————————————————

=========[14/12/2019 à 20:33:04]=========
Chargement de 2 évènements basique
—————————————————————————————————————————

=========[14/12/2019 à 20:33:04]=========
Chargement de 3 évènements optionnels
—————————————————————————————————————————

=========[14/12/2019 à 20:34:19]=========
Chargement de 3 évènements optionnels
—————————————————————————————————————————

=========[14/12/2019 à 20:34:19]=========
Chargement de 2 commandes générales.
—————————————————————————————————————————

=========[14/12/2019 à 20:34:20]=========
Chargement de 2 évènements basique
—————————————————————————————————————————

=========[14/12/2019 à 20:35:32]=========
Chargement de 3 évènements optionnels
—————————————————————————————————————————

=========[14/12/2019 à 20:35:32]=========
Chargement de 2 évènements basique
—————————————————————————————————————————

=========[14/12/2019 à 20:35:32]=========
Chargement de 2 commandes générales.
—————————————————————————————————————————

=========[14/12/2019 à 20:36:34]=========
Chargement de 2 évènements basique
—————————————————————————————————————————

=========[14/12/2019 à 20:36:34]=========
Chargement de 3 évènements optionnels
—————————————————————————————————————————

=========[14/12/2019 à 20:36:34]=========
Chargement de 2 commandes générales.
—————————————————————————————————————————

=========[14/12/2019 à 20:37:46]=========
Chargement de 2 évènements basique
—————————————————————————————————————————

=========[14/12/2019 à 20:37:46]=========
Chargement de 3 évènements optionnels
—————————————————————————————————————————

=========[14/12/2019 à 20:37:46]=========
Chargement de 2 commandes générales.
—————————————————————————————————————————

=========[14/12/2019 à 20:41:32]=========
Chargement de 3 évènements optionnels
—————————————————————————————————————————

=========[14/12/2019 à 20:41:32]=========
Chargement de 2 commandes générales.
—————————————————————————————————————————

=========[14/12/2019 à 20:41:33]=========
Chargement de 2 évènements basique
—————————————————————————————————————————

=========[23/12/2019 à 10:05:28]=========
Chargement de 3 évènements optionnels
—————————————————————————————————————————

=========[23/12/2019 à 10:06:21]=========
Chargement de 2 commandes générales.
—————————————————————————————————————————

=========[23/12/2019 à 10:06:22]=========
Chargement de 2 évènements basique
—————————————————————————————————————————

=========[23/12/2019 à 10:06:22]=========
Chargement de 3 évènements optionnels
—————————————————————————————————————————

=========[23/12/2019 à 10:33:58]=========
Chargement de 2 évènements basique
—————————————————————————————————————————

=========[23/12/2019 à 10:33:58]=========
Chargement de 3 évènements optionnels
—————————————————————————————————————————

=========[23/12/2019 à 10:33:58]=========
Chargement de 3 commandes générales.
—————————————————————————————————————————

=========[23/12/2019 à 10:34:18]=========
Chargement de 3 évènements optionnels
—————————————————————————————————————————

=========[23/12/2019 à 10:34:18]=========
Chargement de 2 évènements basique
—————————————————————————————————————————

=========[23/12/2019 à 10:34:18]=========
Chargement de 3 commandes générales.
—————————————————————————————————————————

=========[23/12/2019 à 10:36:00]=========
Chargement de 2 évènements basique
—————————————————————————————————————————

=========[23/12/2019 à 10:36:00]=========
Chargement de 3 évènements optionnels
—————————————————————————————————————————

=========[23/12/2019 à 10:36:00]=========
Chargement de 3 commandes générales.
—————————————————————————————————————————

=========[23/12/2019 à 10:57:29]=========
Chargement de 2 évènements basique
—————————————————————————————————————————

=========[23/12/2019 à 10:57:29]=========
Chargement de 3 commandes générales.
—————————————————————————————————————————

=========[23/12/2019 à 10:57:30]=========
Chargement de 3 évènements optionnels
—————————————————————————————————————————

=========[23/12/2019 à 11:00:55]=========
Chargement de 2 évènements basique
—————————————————————————————————————————

=========[23/12/2019 à 11:00:55]=========
Chargement de 3 évènements optionnels
—————————————————————————————————————————

=========[23/12/2019 à 11:00:55]=========
Chargement de 3 commandes générales.
—————————————————————————————————————————

=========[23/12/2019 à 11:01:35]=========
Chargement de 2 évènements basique
—————————————————————————————————————————

=========[23/12/2019 à 11:01:35]=========
Chargement de 3 évènements optionnels
—————————————————————————————————————————

=========[23/12/2019 à 11:01:35]=========
Chargement de 3 commandes générales.
—————————————————————————————————————————

=========[23/12/2019 à 11:02:13]=========
Chargement de 2 évènements basique
—————————————————————————————————————————

=========[23/12/2019 à 11:02:13]=========
Chargement de 3 évènements optionnels
—————————————————————————————————————————

=========[23/12/2019 à 11:02:13]=========
Chargement de 3 commandes générales.
—————————————————————————————————————————

=========[23/12/2019 à 11:08:39]=========
Chargement de 3 évènements optionnels
—————————————————————————————————————————

=========[23/12/2019 à 11:08:39]=========
Chargement de 2 évènements basique
—————————————————————————————————————————

=========[23/12/2019 à 11:08:39]=========
Chargement de 3 commandes générales.
—————————————————————————————————————————

=========[23/12/2019 à 11:09:13]=========
Chargement de 2 évènements basique
—————————————————————————————————————————

=========[23/12/2019 à 11:09:13]=========
Chargement de 3 évènements optionnels
—————————————————————————————————————————

=========[23/12/2019 à 11:09:13]=========
Chargement de 3 commandes générales.
—————————————————————————————————————————

=========[23/12/2019 à 11:11:37]=========
Chargement de 2 évènements basique
—————————————————————————————————————————

=========[23/12/2019 à 11:11:37]=========
Chargement de 3 évènements optionnels
—————————————————————————————————————————

=========[23/12/2019 à 11:11:37]=========
Chargement de 3 commandes générales.
—————————————————————————————————————————

=========[23/12/2019 à 11:39:00]=========
Chargement de 2 évènements basique
—————————————————————————————————————————

=========[23/12/2019 à 11:39:00]=========
Chargement de 3 évènements optionnels
—————————————————————————————————————————

=========[23/12/2019 à 11:39:00]=========
Chargement de 3 commandes générales.
—————————————————————————————————————————

=========[23/12/2019 à 11:40:37]=========
Chargement de 2 évènements basique
—————————————————————————————————————————

=========[23/12/2019 à 11:40:37]=========
Chargement de 3 évènements optionnels
—————————————————————————————————————————

=========[23/12/2019 à 11:40:37]=========
Chargement de 3 commandes générales.
—————————————————————————————————————————

=========[23/12/2019 à 11:43:38]=========
Chargement de 2 évènements basique
—————————————————————————————————————————

=========[23/12/2019 à 11:43:38]=========
Chargement de 3 commandes générales.
—————————————————————————————————————————

=========[23/12/2019 à 11:43:38]=========
Chargement de 3 évènements optionnels
—————————————————————————————————————————

=========[23/12/2019 à 11:47:22]=========
Chargement de 2 évènements basique
—————————————————————————————————————————

=========[23/12/2019 à 11:47:22]=========
Chargement de 3 évènements optionnels
—————————————————————————————————————————

=========[23/12/2019 à 11:47:22]=========
Chargement de 3 commandes générales.
—————————————————————————————————————————

=========[23/12/2019 à 11:49:02]=========
Chargement de 3 évènements optionnels
—————————————————————————————————————————

=========[23/12/2019 à 11:49:02]=========
Chargement de 2 évènements basique
—————————————————————————————————————————

=========[23/12/2019 à 11:49:02]=========
Chargement de 3 commandes générales.
—————————————————————————————————————————

=========[23/12/2019 à 17:44:08]=========
Chargement de 2 évènements basique
—————————————————————————————————————————

=========[23/12/2019 à 17:44:08]=========
Chargement de 3 évènements optionnels
—————————————————————————————————————————

=========[23/12/2019 à 17:44:08]=========
Chargement de 3 commandes générales.
—————————————————————————————————————————

=========[23/12/2019 à 17:50:39]=========
Chargement de 3 évènements optionnels
—————————————————————————————————————————

=========[23/12/2019 à 17:50:39]=========
Chargement de 2 évènements basique
—————————————————————————————————————————

=========[23/12/2019 à 17:50:39]=========
Chargement de 3 commandes générales.
—————————————————————————————————————————

=========[26/12/2019 à 19:59:10]=========
Chargement de 3 commandes générales.
—————————————————————————————————————————

=========[26/12/2019 à 19:59:16]=========
Chargement de 2 évènements basique
—————————————————————————————————————————

=========[26/12/2019 à 19:59:17]=========
Chargement de 3 évènements optionnels
—————————————————————————————————————————

=========[26/12/2019 à 20:04:11]=========
Chargement de 3 évènements optionnels
—————————————————————————————————————————

=========[26/12/2019 à 20:04:11]=========
Chargement de 2 évènements basique
—————————————————————————————————————————

=========[26/12/2019 à 20:04:11]=========
Chargement de 3 commandes générales.
—————————————————————————————————————————

=========[26/12/2019 à 20:05:40]=========
Chargement de 3 évènements optionnels
—————————————————————————————————————————

=========[26/12/2019 à 20:05:40]=========
Chargement de 3 commandes générales.
—————————————————————————————————————————

=========[26/12/2019 à 20:05:41]=========
Chargement de 2 évènements basique
—————————————————————————————————————————

=========[26/12/2019 à 20:30:32]=========
Chargement de 3 évènements optionnels
—————————————————————————————————————————

=========[26/12/2019 à 20:30:32]=========
Chargement de 2 évènements basique
—————————————————————————————————————————

=========[26/12/2019 à 20:30:32]=========
Chargement de 3 commandes générales.
—————————————————————————————————————————

=========[26/12/2019 à 20:31:40]=========
Chargement de 2 évènements basique
—————————————————————————————————————————

=========[26/12/2019 à 20:31:40]=========
Chargement de 3 évènements optionnels
—————————————————————————————————————————

=========[26/12/2019 à 20:31:40]=========
Chargement de 3 commandes générales.
—————————————————————————————————————————

=========[26/12/2019 à 20:32:19]=========
Chargement de 3 évènements optionnels
—————————————————————————————————————————

=========[26/12/2019 à 20:32:19]=========
Chargement de 2 évènements basique
—————————————————————————————————————————

=========[26/12/2019 à 20:32:19]=========
Chargement de 3 commandes générales.
—————————————————————————————————————————

=========[26/12/2019 à 20:48:04]=========
Chargement de 2 évènements basique
—————————————————————————————————————————

=========[26/12/2019 à 20:48:04]=========
Chargement de 3 évènements optionnels
—————————————————————————————————————————

=========[26/12/2019 à 20:48:04]=========
Chargement de 3 commandes générales.
—————————————————————————————————————————

=========[26/12/2019 à 20:50:05]=========
Chargement de 2 évènements basique
—————————————————————————————————————————

=========[26/12/2019 à 20:50:05]=========
Chargement de 3 commandes générales.
—————————————————————————————————————————

=========[26/12/2019 à 20:50:06]=========
Chargement de 3 évènements optionnels
—————————————————————————————————————————

=========[26/12/2019 à 21:15:04]=========
Chargement de 2 évènements basique
—————————————————————————————————————————

=========[26/12/2019 à 21:15:04]=========
Chargement de 3 évènements optionnels
—————————————————————————————————————————

=========[26/12/2019 à 21:15:04]=========
Chargement de 3 commandes générales.
—————————————————————————————————————————

=========[26/12/2019 à 22:31:47]=========
Chargement de 2 évènements basique
—————————————————————————————————————————

=========[26/12/2019 à 22:31:47]=========
Chargement de 3 évènements optionnels
—————————————————————————————————————————

=========[26/12/2019 à 22:31:47]=========
Chargement de 3 commandes générales.
—————————————————————————————————————————

=========[27/12/2019 à 00:22:07]=========
Chargement de 2 évènements basique
—————————————————————————————————————————

=========[27/12/2019 à 00:22:07]=========
Chargement de 3 évènements optionnels
—————————————————————————————————————————

=========[27/12/2019 à 00:22:07]=========
Chargement de 3 commandes générales.
—————————————————————————————————————————

=========[27/12/2019 à 00:24:16]=========
Chargement de 2 évènements basique
—————————————————————————————————————————

=========[27/12/2019 à 00:24:16]=========
Chargement de 3 évènements optionnels
—————————————————————————————————————————

=========[27/12/2019 à 00:24:16]=========
Chargement de 3 commandes générales.
—————————————————————————————————————————

=========[27/12/2019 à 00:26:41]=========
Chargement de 2 évènements basique
—————————————————————————————————————————

=========[27/12/2019 à 00:26:41]=========
Chargement de 3 évènements optionnels
—————————————————————————————————————————

=========[27/12/2019 à 00:26:41]=========
Chargement de 3 commandes générales.
—————————————————————————————————————————

=========[27/12/2019 à 00:27:58]=========
Chargement de 2 évènements basique
—————————————————————————————————————————

=========[27/12/2019 à 00:27:58]=========
Chargement de 3 évènements optionnels
—————————————————————————————————————————

=========[27/12/2019 à 00:27:58]=========
Chargement de 3 commandes générales.
—————————————————————————————————————————

=========[27/12/2019 à 00:28:32]=========
Chargement de 2 évènements basique
—————————————————————————————————————————

=========[27/12/2019 à 00:28:32]=========
Chargement de 3 évènements optionnels
—————————————————————————————————————————

=========[27/12/2019 à 00:28:32]=========
Chargement de 3 commandes générales.
—————————————————————————————————————————

=========[27/12/2019 à 00:29:41]=========
Chargement de 3 évènements optionnels
—————————————————————————————————————————

=========[27/12/2019 à 00:29:41]=========
Chargement de 2 évènements basique
—————————————————————————————————————————

=========[27/12/2019 à 00:29:41]=========
Chargement de 3 commandes générales.
—————————————————————————————————————————

=========[27/12/2019 à 00:30:12]=========
Chargement de 2 évènements basique
—————————————————————————————————————————

=========[27/12/2019 à 00:30:12]=========
Chargement de 3 évènements optionnels
—————————————————————————————————————————

=========[27/12/2019 à 00:30:12]=========
Chargement de 3 commandes générales.
—————————————————————————————————————————

=========[27/12/2019 à 00:30:40]=========
Chargement de 2 évènements basique
—————————————————————————————————————————

=========[27/12/2019 à 00:30:40]=========
Chargement de 3 évènements optionnels
—————————————————————————————————————————

=========[27/12/2019 à 00:30:40]=========
Chargement de 3 commandes générales.
—————————————————————————————————————————

=========[27/12/2019 à 00:31:06]=========
Chargement de 2 évènements basique
—————————————————————————————————————————

=========[27/12/2019 à 00:31:06]=========
Chargement de 3 commandes générales.
—————————————————————————————————————————

=========[27/12/2019 à 00:31:07]=========
Chargement de 3 évènements optionnels
—————————————————————————————————————————

=========[27/12/2019 à 00:31:28]=========
Chargement de 2 évènements basique
—————————————————————————————————————————

=========[27/12/2019 à 00:31:28]=========
Chargement de 3 évènements optionnels
—————————————————————————————————————————

=========[27/12/2019 à 00:31:28]=========
Chargement de 3 commandes générales.
—————————————————————————————————————————

=========[27/12/2019 à 00:32:22]=========
Chargement de 3 évènements optionnels
—————————————————————————————————————————

=========[27/12/2019 à 00:32:22]=========
Chargement de 2 évènements basique
—————————————————————————————————————————

=========[27/12/2019 à 00:32:22]=========
Chargement de 3 commandes générales.
—————————————————————————————————————————

=========[27/12/2019 à 00:33:26]=========
Chargement de 3 évènements optionnels
—————————————————————————————————————————

=========[27/12/2019 à 00:33:26]=========
Chargement de 2 évènements basique
—————————————————————————————————————————

=========[27/12/2019 à 00:33:26]=========
Chargement de 3 commandes générales.
—————————————————————————————————————————

=========[27/12/2019 à 00:34:14]=========
Chargement de 3 évènements optionnels
—————————————————————————————————————————

=========[27/12/2019 à 00:34:14]=========
Chargement de 3 commandes générales.
—————————————————————————————————————————

=========[27/12/2019 à 00:34:15]=========
Chargement de 2 évènements basique
—————————————————————————————————————————

=========[27/12/2019 à 00:35:10]=========
Chargement de 2 évènements basique
—————————————————————————————————————————

=========[27/12/2019 à 00:35:10]=========
Chargement de 3 évènements optionnels
—————————————————————————————————————————

=========[27/12/2019 à 00:35:10]=========
Chargement de 3 commandes générales.
—————————————————————————————————————————

=========[27/12/2019 à 00:40:48]=========
Chargement de 2 évènements basique
—————————————————————————————————————————

=========[27/12/2019 à 00:40:48]=========
Chargement de 3 commandes générales.
—————————————————————————————————————————

=========[27/12/2019 à 00:40:49]=========
Chargement de 3 évènements optionnels
—————————————————————————————————————————

=========[27/12/2019 à 00:46:09]=========
Chargement de 2 évènements basique
—————————————————————————————————————————

=========[27/12/2019 à 00:46:09]=========
Chargement de 3 évènements optionnels
—————————————————————————————————————————

=========[27/12/2019 à 00:46:09]=========
Chargement de 3 commandes générales.
—————————————————————————————————————————

=========[27/12/2019 à 00:53:02]=========
Chargement de 3 évènements optionnels
—————————————————————————————————————————

=========[27/12/2019 à 00:53:02]=========
Chargement de 3 commandes générales.
—————————————————————————————————————————

=========[27/12/2019 à 00:53:03]=========
Chargement de 2 évènements basique
—————————————————————————————————————————

=========[27/12/2019 à 00:53:59]=========
Chargement de 2 évènements basique
—————————————————————————————————————————

=========[27/12/2019 à 00:53:59]=========
Chargement de 3 évènements optionnels
—————————————————————————————————————————

=========[27/12/2019 à 00:53:59]=========
Chargement de 3 commandes générales.
—————————————————————————————————————————

=========[27/12/2019 à 00:57:21]=========
Chargement de 3 commandes générales.
—————————————————————————————————————————

=========[27/12/2019 à 00:57:22]=========
Chargement de 3 évènements optionnels
—————————————————————————————————————————

=========[27/12/2019 à 00:57:22]=========
Chargement de 2 évènements basique
—————————————————————————————————————————

=========[27/12/2019 à 12:28:24]=========
Chargement de 2 évènements basique
—————————————————————————————————————————

=========[27/12/2019 à 12:28:24]=========
Chargement de 3 évènements optionnels
—————————————————————————————————————————

=========[27/12/2019 à 12:28:24]=========
Chargement de 3 commandes générales.
—————————————————————————————————————————

=========[27/12/2019 à 12:35:56]=========
Chargement de 2 évènements basique
—————————————————————————————————————————

=========[27/12/2019 à 12:35:56]=========
Chargement de 3 évènements optionnels
—————————————————————————————————————————

=========[27/12/2019 à 12:35:56]=========
Chargement de 3 commandes générales.
—————————————————————————————————————————

=========[27/12/2019 à 12:37:10]=========
Chargement de 2 évènements basique
—————————————————————————————————————————

=========[27/12/2019 à 12:37:10]=========
Chargement de 3 évènements optionnels
—————————————————————————————————————————

=========[27/12/2019 à 12:37:10]=========
Chargement de 3 commandes générales.
—————————————————————————————————————————

=========[27/12/2019 à 12:37:49]=========
Chargement de 3 évènements optionnels
—————————————————————————————————————————

=========[27/12/2019 à 12:37:49]=========
Chargement de 3 commandes générales.
—————————————————————————————————————————

=========[27/12/2019 à 12:37:50]=========
Chargement de 2 évènements basique
—————————————————————————————————————————

=========[27/12/2019 à 12:38:21]=========
Chargement de 2 évènements basique
—————————————————————————————————————————

=========[27/12/2019 à 12:38:21]=========
Chargement de 3 évènements optionnels
—————————————————————————————————————————

=========[27/12/2019 à 12:38:21]=========
Chargement de 3 commandes générales.
—————————————————————————————————————————

=========[27/12/2019 à 12:42:12]=========
Chargement de 2 évènements basique
—————————————————————————————————————————

=========[27/12/2019 à 12:42:12]=========
Chargement de 3 évènements optionnels
—————————————————————————————————————————

=========[27/12/2019 à 12:42:12]=========
Chargement de 3 commandes générales.
—————————————————————————————————————————

=========[27/12/2019 à 12:43:19]=========
Chargement de 2 évènements basique
—————————————————————————————————————————

=========[27/12/2019 à 12:43:19]=========
Chargement de 3 évènements optionnels
—————————————————————————————————————————

=========[27/12/2019 à 12:43:19]=========
Chargement de 3 commandes générales.
—————————————————————————————————————————

=========[27/12/2019 à 12:45:14]=========
Chargement de 2 évènements basique
—————————————————————————————————————————

=========[27/12/2019 à 12:45:14]=========
Chargement de 3 évènements optionnels
—————————————————————————————————————————

=========[27/12/2019 à 12:45:14]=========
Chargement de 3 commandes générales.
—————————————————————————————————————————

=========[27/12/2019 à 12:47:12]=========
Chargement de 3 évènements optionnels
—————————————————————————————————————————

=========[27/12/2019 à 12:47:12]=========
Chargement de 2 évènements basique
—————————————————————————————————————————

=========[27/12/2019 à 12:47:12]=========
Chargement de 3 commandes générales.
—————————————————————————————————————————

=========[27/12/2019 à 12:49:49]=========
Chargement de 2 évènements basique
—————————————————————————————————————————

=========[27/12/2019 à 12:49:49]=========
Chargement de 3 évènements optionnels
—————————————————————————————————————————

=========[27/12/2019 à 12:49:49]=========
Chargement de 3 commandes générales.
—————————————————————————————————————————

=========[27/12/2019 à 12:51:27]=========
Chargement de 2 évènements basique
—————————————————————————————————————————

=========[27/12/2019 à 12:51:27]=========
Chargement de 3 évènements optionnels
—————————————————————————————————————————

=========[27/12/2019 à 12:51:27]=========
Chargement de 3 commandes générales.
—————————————————————————————————————————

=========[27/12/2019 à 12:52:41]=========
Chargement de 3 commandes générales.
—————————————————————————————————————————

=========[27/12/2019 à 12:52:42]=========
Chargement de 3 évènements optionnels
—————————————————————————————————————————

=========[27/12/2019 à 12:52:42]=========
Chargement de 2 évènements basique
—————————————————————————————————————————

=========[27/12/2019 à 12:53:29]=========
Chargement de 2 évènements basique
—————————————————————————————————————————

=========[27/12/2019 à 12:53:29]=========
Chargement de 3 évènements optionnels
—————————————————————————————————————————

=========[27/12/2019 à 12:53:29]=========
Chargement de 3 commandes générales.
—————————————————————————————————————————

=========[27/12/2019 à 13:09:27]=========
Chargement de 4 évènements optionnels
—————————————————————————————————————————

=========[27/12/2019 à 13:09:27]=========
Chargement de 3 commandes générales.
—————————————————————————————————————————

=========[27/12/2019 à 13:09:28]=========
Chargement de 2 évènements basique
—————————————————————————————————————————

